C:\USERS\KENT\DESKTOP\GDI_ASTEROIDS\DEBUG\GDI_ASTEROIDS.EXE
C:\USERS\KENT\DESKTOP\GDI_ASTEROIDS\DEBUG\GDI_ASTEROIDS.ILK
C:\USERS\KENT\DESKTOP\GDI_ASTEROIDS\DEBUG\GDI_ASTEROIDS.PDB
C:\Users\Kent\Desktop\GDI_Asteroids\GDI_Asteroids\Debug\cl.command.1.tlog
C:\Users\Kent\Desktop\GDI_Asteroids\GDI_Asteroids\Debug\CL.read.1.tlog
C:\Users\Kent\Desktop\GDI_Asteroids\GDI_Asteroids\Debug\CL.write.1.tlog
C:\USERS\KENT\DESKTOP\GDI_ASTEROIDS\GDI_ASTEROIDS\DEBUG\GDI_ASTEROIDS.EXE.EMBED.MANIFEST
C:\USERS\KENT\DESKTOP\GDI_ASTEROIDS\GDI_ASTEROIDS\DEBUG\GDI_ASTEROIDS.EXE.EMBED.MANIFEST.RES
C:\USERS\KENT\DESKTOP\GDI_ASTEROIDS\GDI_ASTEROIDS\DEBUG\GDI_ASTEROIDS.EXE.INTERMEDIATE.MANIFEST
C:\USERS\KENT\DESKTOP\GDI_ASTEROIDS\GDI_ASTEROIDS\DEBUG\GDI_ASTEROIDS.OBJ
C:\USERS\KENT\DESKTOP\GDI_ASTEROIDS\GDI_ASTEROIDS\DEBUG\GDI_ASTEROIDS.PCH
C:\USERS\KENT\DESKTOP\GDI_ASTEROIDS\GDI_ASTEROIDS\DEBUG\GDI_ASTEROIDS.RES
C:\Users\Kent\Desktop\GDI_Asteroids\GDI_Asteroids\Debug\GDI_Asteroids_manifest.rc
C:\Users\Kent\Desktop\GDI_Asteroids\GDI_Asteroids\Debug\link.command.1.tlog
C:\Users\Kent\Desktop\GDI_Asteroids\GDI_Asteroids\Debug\link.read.1.tlog
C:\Users\Kent\Desktop\GDI_Asteroids\GDI_Asteroids\Debug\link.write.1.tlog
C:\Users\Kent\Desktop\GDI_Asteroids\GDI_Asteroids\Debug\link-cvtres.read.1.tlog
C:\Users\Kent\Desktop\GDI_Asteroids\GDI_Asteroids\Debug\link-cvtres.write.1.tlog
C:\Users\Kent\Desktop\GDI_Asteroids\GDI_Asteroids\Debug\mt.command.1.tlog
C:\Users\Kent\Desktop\GDI_Asteroids\GDI_Asteroids\Debug\mt.read.1.tlog
C:\Users\Kent\Desktop\GDI_Asteroids\GDI_Asteroids\Debug\mt.write.1.tlog
C:\Users\Kent\Desktop\GDI_Asteroids\GDI_Asteroids\Debug\rc.command.1.tlog
C:\Users\Kent\Desktop\GDI_Asteroids\GDI_Asteroids\Debug\rc.read.1.tlog
C:\Users\Kent\Desktop\GDI_Asteroids\GDI_Asteroids\Debug\rc.write.1.tlog
C:\USERS\KENT\DESKTOP\GDI_ASTEROIDS\GDI_ASTEROIDS\DEBUG\STDAFX.OBJ
C:\Users\Kent\Desktop\GDI_Asteroids\GDI_Asteroids\Debug\vc100.idb
C:\USERS\KENT\DESKTOP\GDI_ASTEROIDS\GDI_ASTEROIDS\DEBUG\VC100.PDB
