C:\USERS\USER\DESKTOP\NONCON\DEBUG\NONCON.EXE
C:\USERS\USER\DESKTOP\NONCON\DEBUG\NONCON.ILK
C:\USERS\USER\DESKTOP\NONCON\DEBUG\NONCON.PDB
C:\Users\USER\Desktop\noncon\noncon\Debug\cl.command.1.tlog
C:\Users\USER\Desktop\noncon\noncon\Debug\CL.read.1.tlog
C:\Users\USER\Desktop\noncon\noncon\Debug\CL.write.1.tlog
C:\Users\USER\Desktop\noncon\noncon\Debug\link.6300.read.1.tlog
C:\Users\USER\Desktop\noncon\noncon\Debug\link.6300.write.1.tlog
C:\Users\USER\Desktop\noncon\noncon\Debug\link.6300-cvtres.read.1.tlog
C:\Users\USER\Desktop\noncon\noncon\Debug\link.6300-cvtres.write.1.tlog
C:\Users\USER\Desktop\noncon\noncon\Debug\link.command.1.tlog
C:\Users\USER\Desktop\noncon\noncon\Debug\link.read.1.tlog
C:\Users\USER\Desktop\noncon\noncon\Debug\link.write.1.tlog
C:\Users\USER\Desktop\noncon\noncon\Debug\link-cvtres.read.1.tlog
C:\Users\USER\Desktop\noncon\noncon\Debug\link-cvtres.write.1.tlog
C:\USERS\USER\DESKTOP\NONCON\NONCON\DEBUG\MAIN.OBJ
C:\Users\USER\Desktop\noncon\noncon\Debug\mt.command.1.tlog
C:\Users\USER\Desktop\noncon\noncon\Debug\mt.read.1.tlog
C:\Users\USER\Desktop\noncon\noncon\Debug\mt.write.1.tlog
C:\USERS\USER\DESKTOP\NONCON\NONCON\DEBUG\NONCON.EXE.EMBED.MANIFEST
C:\USERS\USER\DESKTOP\NONCON\NONCON\DEBUG\NONCON.EXE.EMBED.MANIFEST.RES
C:\USERS\USER\DESKTOP\NONCON\NONCON\DEBUG\NONCON.EXE.INTERMEDIATE.MANIFEST
C:\Users\USER\Desktop\noncon\noncon\Debug\noncon_manifest.rc
C:\Users\USER\Desktop\noncon\noncon\Debug\rc.command.1.tlog
C:\Users\USER\Desktop\noncon\noncon\Debug\rc.read.1.tlog
C:\Users\USER\Desktop\noncon\noncon\Debug\rc.write.1.tlog
C:\Users\USER\Desktop\noncon\noncon\Debug\vc100.idb
C:\USERS\USER\DESKTOP\NONCON\NONCON\DEBUG\VC100.PDB
