G:\Homework\Graphics\Graphics_MidTerm\Graphics_MidTerm\ColorCube\Debug\cl.command.1.tlog
G:\Homework\Graphics\Graphics_MidTerm\Graphics_MidTerm\ColorCube\Debug\CL.read.1.tlog
G:\Homework\Graphics\Graphics_MidTerm\Graphics_MidTerm\ColorCube\Debug\CL.write.1.tlog
G:\Homework\Graphics\Graphics_MidTerm\Graphics_MidTerm\ColorCube\Debug\ColorCube.vcxprojResolveAssemblyReference.cache
G:\HOMEWORK\GRAPHICS\GRAPHICS_MIDTERM\GRAPHICS_MIDTERM\COLORCUBE\DEBUG\GRAPHICS_MIDTERM.EXE.EMBED.MANIFEST
G:\HOMEWORK\GRAPHICS\GRAPHICS_MIDTERM\GRAPHICS_MIDTERM\COLORCUBE\DEBUG\GRAPHICS_MIDTERM.EXE.EMBED.MANIFEST.RES
G:\HOMEWORK\GRAPHICS\GRAPHICS_MIDTERM\GRAPHICS_MIDTERM\COLORCUBE\DEBUG\GRAPHICS_MIDTERM.EXE.INTERMEDIATE.MANIFEST
G:\Homework\Graphics\Graphics_MidTerm\Graphics_MidTerm\ColorCube\Debug\Graphics_MidTerm.write.1.tlog
G:\Homework\Graphics\Graphics_MidTerm\Graphics_MidTerm\ColorCube\Debug\Graphics_MidTerm_manifest.rc
G:\HOMEWORK\GRAPHICS\GRAPHICS_MIDTERM\GRAPHICS_MIDTERM\COLORCUBE\DEBUG\INITSHADER.OBJ
G:\Homework\Graphics\Graphics_MidTerm\Graphics_MidTerm\ColorCube\Debug\link.3620.read.1.tlog
G:\Homework\Graphics\Graphics_MidTerm\Graphics_MidTerm\ColorCube\Debug\link.3620.write.1.tlog
G:\Homework\Graphics\Graphics_MidTerm\Graphics_MidTerm\ColorCube\Debug\link.3620-cvtres.read.1.tlog
G:\Homework\Graphics\Graphics_MidTerm\Graphics_MidTerm\ColorCube\Debug\link.3620-cvtres.write.1.tlog
G:\Homework\Graphics\Graphics_MidTerm\Graphics_MidTerm\ColorCube\Debug\link.4616.read.1.tlog
G:\Homework\Graphics\Graphics_MidTerm\Graphics_MidTerm\ColorCube\Debug\link.4616.write.1.tlog
G:\Homework\Graphics\Graphics_MidTerm\Graphics_MidTerm\ColorCube\Debug\link.4616-cvtres.read.1.tlog
G:\Homework\Graphics\Graphics_MidTerm\Graphics_MidTerm\ColorCube\Debug\link.4616-cvtres.write.1.tlog
G:\Homework\Graphics\Graphics_MidTerm\Graphics_MidTerm\ColorCube\Debug\link.7344.read.1.tlog
G:\Homework\Graphics\Graphics_MidTerm\Graphics_MidTerm\ColorCube\Debug\link.7344.write.1.tlog
G:\Homework\Graphics\Graphics_MidTerm\Graphics_MidTerm\ColorCube\Debug\link.7344-cvtres.read.1.tlog
G:\Homework\Graphics\Graphics_MidTerm\Graphics_MidTerm\ColorCube\Debug\link.7344-cvtres.write.1.tlog
G:\Homework\Graphics\Graphics_MidTerm\Graphics_MidTerm\ColorCube\Debug\link.command.1.tlog
G:\Homework\Graphics\Graphics_MidTerm\Graphics_MidTerm\ColorCube\Debug\link.read.1.tlog
G:\Homework\Graphics\Graphics_MidTerm\Graphics_MidTerm\ColorCube\Debug\link.write.1.tlog
G:\Homework\Graphics\Graphics_MidTerm\Graphics_MidTerm\ColorCube\Debug\link-cvtres.read.1.tlog
G:\Homework\Graphics\Graphics_MidTerm\Graphics_MidTerm\ColorCube\Debug\link-cvtres.write.1.tlog
G:\HOMEWORK\GRAPHICS\GRAPHICS_MIDTERM\GRAPHICS_MIDTERM\COLORCUBE\DEBUG\LOADBITMAP.OBJ
G:\HOMEWORK\GRAPHICS\GRAPHICS_MIDTERM\GRAPHICS_MIDTERM\COLORCUBE\DEBUG\MAIN.OBJ
G:\Homework\Graphics\Graphics_MidTerm\Graphics_MidTerm\ColorCube\Debug\mt.command.1.tlog
G:\Homework\Graphics\Graphics_MidTerm\Graphics_MidTerm\ColorCube\Debug\mt.read.1.tlog
G:\Homework\Graphics\Graphics_MidTerm\Graphics_MidTerm\ColorCube\Debug\mt.write.1.tlog
G:\Homework\Graphics\Graphics_MidTerm\Graphics_MidTerm\ColorCube\Debug\rc.command.1.tlog
G:\Homework\Graphics\Graphics_MidTerm\Graphics_MidTerm\ColorCube\Debug\rc.read.1.tlog
G:\Homework\Graphics\Graphics_MidTerm\Graphics_MidTerm\ColorCube\Debug\rc.write.1.tlog
G:\Homework\Graphics\Graphics_MidTerm\Graphics_MidTerm\ColorCube\Debug\vc100.idb
G:\HOMEWORK\GRAPHICS\GRAPHICS_MIDTERM\GRAPHICS_MIDTERM\COLORCUBE\DEBUG\VC100.PDB
G:\HOMEWORK\GRAPHICS\GRAPHICS_MIDTERM\GRAPHICS_MIDTERM\DEBUG\GRAPHICS_MIDTERM.EXE
G:\HOMEWORK\GRAPHICS\GRAPHICS_MIDTERM\GRAPHICS_MIDTERM\DEBUG\GRAPHICS_MIDTERM.ILK
G:\HOMEWORK\GRAPHICS\GRAPHICS_MIDTERM\GRAPHICS_MIDTERM\DEBUG\GRAPHICS_MIDTERM.PDB
