Build started 10/21/2010 9:35:37 PM.
     1>Project "C:\Users\Bad\Desktop\GDI_Asteroids_2\GDI_Asteroids\GDI_Asteroids.vcxproj" on node 2 (build target(s)).
     1>InitializeBuildStatus:
         Creating "Release\GDI_Asteroids.unsuccessfulbuild" because "AlwaysCreate" was specified.
       ClCompile:
         c:\Program Files (x86)\Microsoft Visual Studio 10.0\VC\bin\CL.exe /c /Zi /nologo /W3 /WX- /O2 /Oi /Oy- /GL /D WIN32 /D NDEBUG /D _WINDOWS /D _UNICODE /D UNICODE /Gm- /EHsc /MD /GS /Gy /fp:precise /Zc:wchar_t /Zc:forScope /Yc"StdAfx.h" /Fp"Release\GDI_Asteroids.pch" /Fo"Release\\" /Fd"Release\vc100.pdb" /Gd /TP /analyze- /errorReport:prompt stdafx.cpp
         stdafx.cpp
         c:\Program Files (x86)\Microsoft Visual Studio 10.0\VC\bin\CL.exe /c /Zi /nologo /W3 /WX- /O2 /Oi /Oy- /GL /D WIN32 /D NDEBUG /D _WINDOWS /D _UNICODE /D UNICODE /Gm- /EHsc /MD /GS /Gy /fp:precise /Zc:wchar_t /Zc:forScope /Yu"StdAfx.h" /Fp"Release\GDI_Asteroids.pch" /Fo"Release\\" /Fd"Release\vc100.pdb" /Gd /TP /analyze- /errorReport:prompt GDI_Asteroids.cpp
         GDI_Asteroids.cpp
     1>c:\users\bad\desktop\gdi_asteroids_2\gdi_asteroids\GameObject.h(8): warning C4091: 'extern ' : ignored on left of 'SpaceShip' when no variable is declared
     1>c:\users\bad\desktop\gdi_asteroids_2\gdi_asteroids\GameObject.h(29): warning C4244: 'argument' : conversion from 'UINT' to 'Gdiplus::REAL', possible loss of data
     1>c:\users\bad\desktop\gdi_asteroids_2\gdi_asteroids\GameObject.h(29): warning C4244: 'argument' : conversion from 'UINT' to 'Gdiplus::REAL', possible loss of data
     1>c:\users\bad\desktop\gdi_asteroids_2\gdi_asteroids\GameObject.h(29): warning C4244: 'argument' : conversion from 'double' to 'Gdiplus::REAL', possible loss of data
     1>c:\users\bad\desktop\gdi_asteroids_2\gdi_asteroids\GameObject.h(29): warning C4244: 'argument' : conversion from 'double' to 'Gdiplus::REAL', possible loss of data
     1>c:\users\bad\desktop\gdi_asteroids_2\gdi_asteroids\GameObject.h(32): warning C4244: 'argument' : conversion from 'UINT' to 'Gdiplus::REAL', possible loss of data
     1>c:\users\bad\desktop\gdi_asteroids_2\gdi_asteroids\GameObject.h(32): warning C4244: 'argument' : conversion from 'UINT' to 'Gdiplus::REAL', possible loss of data
     1>c:\users\bad\desktop\gdi_asteroids_2\gdi_asteroids\GameObject.h(32): warning C4244: 'argument' : conversion from 'double' to 'Gdiplus::REAL', possible loss of data
     1>c:\users\bad\desktop\gdi_asteroids_2\gdi_asteroids\GameObject.h(32): warning C4244: 'argument' : conversion from 'double' to 'Gdiplus::REAL', possible loss of data
     1>c:\users\bad\desktop\gdi_asteroids_2\gdi_asteroids\GameObject.h(47): warning C4244: '=' : conversion from 'double' to 'Gdiplus::REAL', possible loss of data
     1>c:\users\bad\desktop\gdi_asteroids_2\gdi_asteroids\GameObject.h(48): warning C4244: '=' : conversion from 'double' to 'Gdiplus::REAL', possible loss of data
     1>c:\users\bad\desktop\gdi_asteroids_2\gdi_asteroids\GameObject.h(49): warning C4244: '=' : conversion from 'double' to 'Gdiplus::REAL', possible loss of data
     1>c:\users\bad\desktop\gdi_asteroids_2\gdi_asteroids\GameObject.h(50): warning C4244: '=' : conversion from 'double' to 'Gdiplus::REAL', possible loss of data
     1>c:\users\bad\desktop\gdi_asteroids_2\gdi_asteroids\GameObject.h(65): warning C4244: '=' : conversion from 'double' to 'Gdiplus::REAL', possible loss of data
     1>c:\users\bad\desktop\gdi_asteroids_2\gdi_asteroids\GameObject.h(66): warning C4244: '=' : conversion from 'double' to 'Gdiplus::REAL', possible loss of data
     1>c:\users\bad\desktop\gdi_asteroids_2\gdi_asteroids\GameObject.h(74): warning C4244: '=' : conversion from 'double' to 'Gdiplus::REAL', possible loss of data
     1>c:\users\bad\desktop\gdi_asteroids_2\gdi_asteroids\GameObject.h(84): warning C4244: '=' : conversion from 'double' to 'Gdiplus::REAL', possible loss of data
     1>c:\users\bad\desktop\gdi_asteroids_2\gdi_asteroids\GameObject.h(113): warning C4244: '=' : conversion from 'double' to 'Gdiplus::REAL', possible loss of data
     1>c:\users\bad\desktop\gdi_asteroids_2\gdi_asteroids\GameObject.h(114): warning C4244: '=' : conversion from 'double' to 'Gdiplus::REAL', possible loss of data
     1>c:\users\bad\desktop\gdi_asteroids_2\gdi_asteroids\GameObject.h(124): warning C4244: '+=' : conversion from 'double' to 'Gdiplus::REAL', possible loss of data
     1>c:\users\bad\desktop\gdi_asteroids_2\gdi_asteroids\GameObject.h(125): warning C4244: '-=' : conversion from 'double' to 'Gdiplus::REAL', possible loss of data
     1>c:\users\bad\desktop\gdi_asteroids_2\gdi_asteroids\GameObject.h(128): warning C4244: '+=' : conversion from 'double' to 'Gdiplus::REAL', possible loss of data
     1>c:\users\bad\desktop\gdi_asteroids_2\gdi_asteroids\GameObject.h(129): warning C4244: '-=' : conversion from 'double' to 'Gdiplus::REAL', possible loss of data
     1>c:\users\bad\desktop\gdi_asteroids_2\gdi_asteroids\GameObject.h(135): warning C4244: '+=' : conversion from 'double' to 'Gdiplus::REAL', possible loss of data
     1>c:\users\bad\desktop\gdi_asteroids_2\gdi_asteroids\GameObject.h(136): warning C4244: '-=' : conversion from 'double' to 'Gdiplus::REAL', possible loss of data
     1>c:\users\bad\desktop\gdi_asteroids_2\gdi_asteroids\GameObject.h(139): warning C4244: '+=' : conversion from 'double' to 'Gdiplus::REAL', possible loss of data
     1>c:\users\bad\desktop\gdi_asteroids_2\gdi_asteroids\GameObject.h(140): warning C4244: '-=' : conversion from 'double' to 'Gdiplus::REAL', possible loss of data
     1>c:\users\bad\desktop\gdi_asteroids_2\gdi_asteroids\Asteroid.h(25): warning C4244: '=' : conversion from 'double' to 'long', possible loss of data
     1>c:\users\bad\desktop\gdi_asteroids_2\gdi_asteroids\Asteroid.h(32): warning C4244: '=' : conversion from 'double' to 'long', possible loss of data
     1>c:\users\bad\desktop\gdi_asteroids_2\gdi_asteroids\Asteroid.h(45): warning C4244: '+=' : conversion from 'double' to 'long', possible loss of data
     1>c:\users\bad\desktop\gdi_asteroids_2\gdi_asteroids\SpaceShip.h(78): warning C4244: '+=' : conversion from 'double' to 'long', possible loss of data
     1>c:\users\bad\desktop\gdi_asteroids_2\gdi_asteroids\Game.h(47): warning C4018: '<' : signed/unsigned mismatch
     1>c:\users\bad\desktop\gdi_asteroids_2\gdi_asteroids\Game.h(88): warning C4018: '<' : signed/unsigned mismatch
     1>c:\users\bad\desktop\gdi_asteroids_2\gdi_asteroids\Game.h(123): warning C4018: '<' : signed/unsigned mismatch
     1>c:\users\bad\desktop\gdi_asteroids_2\gdi_asteroids\Game.h(132): warning C4018: '<' : signed/unsigned mismatch
     1>c:\users\bad\desktop\gdi_asteroids_2\gdi_asteroids\Game.h(133): warning C4018: '<' : signed/unsigned mismatch
       ResourceCompile:
         c:\Program Files (x86)\Microsoft SDKs\Windows\v7.0A\bin\rc.exe /D _UNICODE /D UNICODE /l"0x0409" /nologo /fo"Release\GDI_Asteroids.res" GDI_Asteroids.rc 
       Link:
         c:\Program Files (x86)\Microsoft Visual Studio 10.0\VC\bin\link.exe /ERRORREPORT:PROMPT /OUT:"C:\Users\Bad\Desktop\GDI_Asteroids_2\Release\GDI_Asteroids.exe" /INCREMENTAL:NO /NOLOGO gdiplus.lib kernel32.lib user32.lib gdi32.lib winspool.lib comdlg32.lib advapi32.lib shell32.lib ole32.lib oleaut32.lib uuid.lib odbc32.lib odbccp32.lib /MANIFEST /ManifestFile:"Release\GDI_Asteroids.exe.intermediate.manifest" /MANIFESTUAC:"level='asInvoker' uiAccess='false'" /DEBUG /PDB:"C:\Users\Bad\Desktop\GDI_Asteroids_2\Release\GDI_Asteroids.pdb" /SUBSYSTEM:WINDOWS /OPT:REF /OPT:ICF /LTCG /TLBID:1 /DYNAMICBASE /NXCOMPAT /IMPLIB:"C:\Users\Bad\Desktop\GDI_Asteroids_2\Release\GDI_Asteroids.lib" /MACHINE:X86 Release\GDI_Asteroids.res
         Release\GDI_Asteroids.obj
         Release\stdafx.obj
         Generating code
         Finished generating code
         GDI_Asteroids.vcxproj -> C:\Users\Bad\Desktop\GDI_Asteroids_2\Release\GDI_Asteroids.exe
       Manifest:
         c:\Program Files (x86)\Microsoft SDKs\Windows\v7.0A\bin\mt.exe /nologo /verbose /outputresource:"C:\Users\Bad\Desktop\GDI_Asteroids_2\Release\GDI_Asteroids.exe;#1" /manifest Release\GDI_Asteroids.exe.intermediate.manifest
       FinalizeBuildStatus:
         Deleting file "Release\GDI_Asteroids.unsuccessfulbuild".
         Touching "Release\GDI_Asteroids.lastbuildstate".
     1>Done Building Project "C:\Users\Bad\Desktop\GDI_Asteroids_2\GDI_Asteroids\GDI_Asteroids.vcxproj" (build target(s)).

Build succeeded.

Time Elapsed 00:00:08.78
