C:\Users\USER\Desktop\ColorCube\ColorCube\Debug\cl.command.1.tlog
C:\Users\USER\Desktop\ColorCube\ColorCube\Debug\CL.read.1.tlog
C:\Users\USER\Desktop\ColorCube\ColorCube\Debug\CL.write.1.tlog
C:\USERS\USER\DESKTOP\COLORCUBE\COLORCUBE\DEBUG\COLORCUBE.EXE.EMBED.MANIFEST
C:\USERS\USER\DESKTOP\COLORCUBE\COLORCUBE\DEBUG\COLORCUBE.EXE.EMBED.MANIFEST.RES
C:\USERS\USER\DESKTOP\COLORCUBE\COLORCUBE\DEBUG\COLORCUBE.EXE.INTERMEDIATE.MANIFEST
C:\Users\USER\Desktop\ColorCube\ColorCube\Debug\ColorCube.write.1.tlog
C:\Users\USER\Desktop\ColorCube\ColorCube\Debug\ColorCube_manifest.rc
C:\USERS\USER\DESKTOP\COLORCUBE\COLORCUBE\DEBUG\INITSHADER.OBJ
C:\Users\USER\Desktop\ColorCube\ColorCube\Debug\link.5268.read.1.tlog
C:\Users\USER\Desktop\ColorCube\ColorCube\Debug\link.5268.write.1.tlog
C:\Users\USER\Desktop\ColorCube\ColorCube\Debug\link.5268-cvtres.read.1.tlog
C:\Users\USER\Desktop\ColorCube\ColorCube\Debug\link.5268-cvtres.write.1.tlog
C:\Users\USER\Desktop\ColorCube\ColorCube\Debug\link.command.1.tlog
C:\Users\USER\Desktop\ColorCube\ColorCube\Debug\link.read.1.tlog
C:\Users\USER\Desktop\ColorCube\ColorCube\Debug\link.write.1.tlog
C:\Users\USER\Desktop\ColorCube\ColorCube\Debug\link-cvtres.read.1.tlog
C:\Users\USER\Desktop\ColorCube\ColorCube\Debug\link-cvtres.write.1.tlog
C:\USERS\USER\DESKTOP\COLORCUBE\COLORCUBE\DEBUG\MAIN.OBJ
C:\Users\USER\Desktop\ColorCube\ColorCube\Debug\mt.command.1.tlog
C:\Users\USER\Desktop\ColorCube\ColorCube\Debug\mt.read.1.tlog
C:\Users\USER\Desktop\ColorCube\ColorCube\Debug\mt.write.1.tlog
C:\Users\USER\Desktop\ColorCube\ColorCube\Debug\rc.command.1.tlog
C:\Users\USER\Desktop\ColorCube\ColorCube\Debug\rc.read.1.tlog
C:\Users\USER\Desktop\ColorCube\ColorCube\Debug\rc.write.1.tlog
C:\Users\USER\Desktop\ColorCube\ColorCube\Debug\vc100.idb
C:\USERS\USER\DESKTOP\COLORCUBE\COLORCUBE\DEBUG\VC100.PDB
C:\USERS\USER\DESKTOP\COLORCUBE\DEBUG\COLORCUBE.EXE
C:\USERS\USER\DESKTOP\COLORCUBE\DEBUG\COLORCUBE.ILK
C:\USERS\USER\DESKTOP\COLORCUBE\DEBUG\COLORCUBE.PDB
