Build started 12/15/2012 12:57:26 AM.
     1>Project "C:\Users\USER\Desktop\Homework\Projects\Monopoly\Monopoly.vcxproj" on node 2 (build target(s)).
     1>InitializeBuildStatus:
         Creating "Debug\Monopoly.unsuccessfulbuild" because "AlwaysCreate" was specified.
       ClCompile:
         C:\Program Files (x86)\Microsoft Visual Studio 10.0\VC\bin\CL.exe /c /ZI /nologo /W3 /WX- /Od /Oy- /D WIN32 /D _DEBUG /D _CONSOLE /D _UNICODE /D UNICODE /Gm /EHsc /RTC1 /MDd /GS /fp:precise /Zc:wchar_t /Zc:forScope /Fo"Debug\\" /Fd"Debug\vc100.pdb" /Gd /TP /analyze- /errorReport:prompt Game.cpp
         Skipping... (no relevant changes detected)
         Game.cpp
       ManifestResourceCompile:
         All outputs are up-to-date.
       Link:
         C:\Program Files (x86)\Microsoft Visual Studio 10.0\VC\bin\link.exe /ERRORREPORT:PROMPT /OUT:"C:\Users\USER\Desktop\Homework\Projects\Monopoly\Debug\Monopoly.exe" /INCREMENTAL /NOLOGO kernel32.lib user32.lib gdi32.lib winspool.lib comdlg32.lib advapi32.lib shell32.lib ole32.lib oleaut32.lib uuid.lib odbc32.lib odbccp32.lib /MANIFEST /ManifestFile:"Debug\Monopoly.exe.intermediate.manifest" /MANIFESTUAC:"level='asInvoker' uiAccess='false'" /DEBUG /PDB:"C:\Users\USER\Desktop\Homework\Projects\Monopoly\Debug\Monopoly.pdb" /SUBSYSTEM:CONSOLE /TLBID:1 /DYNAMICBASE /NXCOMPAT /IMPLIB:"C:\Users\USER\Desktop\Homework\Projects\Monopoly\Debug\Monopoly.lib" /MACHINE:X86 Debug\Monopoly.exe.embed.manifest.res
         Debug\Game.obj
       Manifest:
         C:\Program Files (x86)\Microsoft SDKs\Windows\v7.0A\bin\mt.exe /nologo /verbose /out:"Debug\Monopoly.exe.embed.manifest" /manifest Debug\Monopoly.exe.intermediate.manifest
         All outputs are up-to-date.
       LinkEmbedManifest:
         All outputs are up-to-date.
         Monopoly.vcxproj -> C:\Users\USER\Desktop\Homework\Projects\Monopoly\Debug\Monopoly.exe
       FinalizeBuildStatus:
         Deleting file "Debug\Monopoly.unsuccessfulbuild".
         Touching "Debug\Monopoly.lastbuildstate".
     1>Done Building Project "C:\Users\USER\Desktop\Homework\Projects\Monopoly\Monopoly.vcxproj" (build target(s)).

Build succeeded.

Time Elapsed 00:00:02.05
