C:\Users\Bad\Desktop\Projects\Monopoly\Debug\cl.command.1.tlog
C:\Users\Bad\Desktop\Projects\Monopoly\Debug\CL.read.1.tlog
C:\Users\Bad\Desktop\Projects\Monopoly\Debug\CL.write.1.tlog
C:\USERS\BAD\DESKTOP\PROJECTS\MONOPOLY\DEBUG\GAME.OBJ
C:\Users\Bad\Desktop\Projects\Monopoly\Debug\link.1076.read.1.tlog
C:\Users\Bad\Desktop\Projects\Monopoly\Debug\link.1076.write.1.tlog
C:\Users\Bad\Desktop\Projects\Monopoly\Debug\link.1076-cvtres.read.1.tlog
C:\Users\Bad\Desktop\Projects\Monopoly\Debug\link.1076-cvtres.write.1.tlog
C:\Users\Bad\Desktop\Projects\Monopoly\Debug\link.command.1.tlog
C:\Users\Bad\Desktop\Projects\Monopoly\Debug\link.read.1.tlog
C:\Users\Bad\Desktop\Projects\Monopoly\Debug\link.write.1.tlog
C:\Users\Bad\Desktop\Projects\Monopoly\Debug\link-cvtres.read.1.tlog
C:\Users\Bad\Desktop\Projects\Monopoly\Debug\link-cvtres.write.1.tlog
C:\USERS\BAD\DESKTOP\PROJECTS\MONOPOLY\DEBUG\MONOPOLY.EXE
C:\USERS\BAD\DESKTOP\PROJECTS\MONOPOLY\DEBUG\MONOPOLY.EXE.EMBED.MANIFEST
C:\USERS\BAD\DESKTOP\PROJECTS\MONOPOLY\DEBUG\MONOPOLY.EXE.EMBED.MANIFEST.RES
C:\USERS\BAD\DESKTOP\PROJECTS\MONOPOLY\DEBUG\MONOPOLY.EXE.INTERMEDIATE.MANIFEST
C:\USERS\BAD\DESKTOP\PROJECTS\MONOPOLY\DEBUG\MONOPOLY.ILK
C:\USERS\BAD\DESKTOP\PROJECTS\MONOPOLY\DEBUG\MONOPOLY.PDB
C:\Users\Bad\Desktop\Projects\Monopoly\Debug\Monopoly_manifest.rc
C:\Users\Bad\Desktop\Projects\Monopoly\Debug\mt.command.1.tlog
C:\Users\Bad\Desktop\Projects\Monopoly\Debug\mt.read.1.tlog
C:\Users\Bad\Desktop\Projects\Monopoly\Debug\mt.write.1.tlog
C:\Users\Bad\Desktop\Projects\Monopoly\Debug\rc.command.1.tlog
C:\Users\Bad\Desktop\Projects\Monopoly\Debug\rc.read.1.tlog
C:\Users\Bad\Desktop\Projects\Monopoly\Debug\rc.write.1.tlog
C:\Users\Bad\Desktop\Projects\Monopoly\Debug\vc100.idb
C:\USERS\BAD\DESKTOP\PROJECTS\MONOPOLY\DEBUG\VC100.PDB
